120.31227592153908 107.0
148.1326841674828 107.0
0_voices.txt 1_voices.txt 0.06156
126.0982290022747 107.0
1_voices.txt 2_voices.txt 0.06448
135.84538514294957 107.0
2_voices.txt 3_voices.txt 0.06317
167.56818336084962 107.0
3_voices.txt 4_voices.txt 0.06229
209.50326347212098 107.0
4_voices.txt 5_voices.txt 0.05882
240.33948544114742 107.0
5_voices.txt 6_voices.txt 0.06276
168.81118670502138 107.0
6_voices.txt 7_voices.txt 0.06213
225.1878645206686 107.0
7_voices.txt 8_voices.txt 0.0614
285.11841602925745 107.0
8_voices.txt 9_voices.txt 0.06156
352.90801381744825 107.0
9_voices.txt 10_voices.txt 0.05837
313.213399683062 107.0
10_voices.txt 11_voices.txt 0.05864
312.6621998027598 107.0
11_voices.txt 12_voices.txt 0.06303
236.473307429376 107.0
12_voices.txt 13_voices.txt 0.06168
266.14399481342195 107.0
13_voices.txt 14_voices.txt 0.06347
264.96497181268376 107.0
14_voices.txt 15_voices.txt 0.06155
179.61161805210398 107.0
15_voices.txt 16_voices.txt 0.06341
272.2071438972593 107.0
16_voices.txt 17_voices.txt 0.05796
152.2850117978622 107.0
17_voices.txt 18_voices.txt 0.05739
133.09952183718624 107.0
18_voices.txt 19_voices.txt 0.06423
150.81232409230117 107.0
19_voices.txt 20_voices.txt 0.06483
167.27191130950484 107.0
20_voices.txt 21_voices.txt 0.06529
152.7416589966499 107.0
21_voices.txt 22_voices.txt 0.06384
171.0666159510009 107.0
22_voices.txt 23_voices.txt 0.064
150.04517390337122 107.0
23_voices.txt 24_voices.txt 0.06331
147.7015373835883 107.0
24_voices.txt 25_voices.txt 0.06455
151.04522982332506 107.0
25_voices.txt 26_voices.txt 0.06354
141.32551534122135 107.0
26_voices.txt 27_voices.txt 0.0641
150.63870426660395 107.0
27_voices.txt 28_voices.txt 0.06298
136.1476553105776 107.0
28_voices.txt 29_voices.txt 0.06374
157.27418454309492 107.0
29_voices.txt 30_voices.txt 0.06552
130.20682949157404 107.0
30_voices.txt 31_voices.txt 0.06533
130.9604553065529 107.0
31_voices.txt 32_voices.txt 0.06488
133.46135213494566 107.0
32_voices.txt 33_voices.txt 0.06622
135.5560142433112 107.0
33_voices.txt 34_voices.txt 0.06489
120.25821368160962 107.0
34_voices.txt 35_voices.txt 0.06172
120.25442823441745 107.0
35_voices.txt 36_voices.txt 0.06614
115.35882808724119 107.0
36_voices.txt 37_voices.txt 0.06432
The scores have been documented
118.16959735040668 107.0
134.04251801186928 107.0
0_voices.txt 1_voices.txt 0.06423
121.91307348172947 107.0
1_voices.txt 2_voices.txt 0.06482
129.01256732670433 107.0
2_voices.txt 3_voices.txt 0.0664
139.39904884751112 107.0
3_voices.txt 4_voices.txt 0.06391
157.12621058340073 107.0
4_voices.txt 5_voices.txt 0.06478
167.31531503906768 107.0
5_voices.txt 6_voices.txt 0.06372
145.91256781970102 107.0
6_voices.txt 7_voices.txt 0.06482
171.14182114824004 107.0
7_voices.txt 8_voices.txt 0.06644
187.38575870570557 107.0
8_voices.txt 9_voices.txt 0.06585
203.605849707194 107.0
9_voices.txt 10_voices.txt 0.06826
186.78455357965322 107.0
10_voices.txt 11_voices.txt 0.0681
188.57823329983182 107.0
11_voices.txt 12_voices.txt 0.06832
176.5130407249629 107.0
12_voices.txt 13_voices.txt 0.06974
178.55812997638398 107.0
13_voices.txt 14_voices.txt 0.07081
187.06896168140264 107.0
14_voices.txt 15_voices.txt 0.0722
149.74953851806794 107.0
15_voices.txt 16_voices.txt 0.06545
177.0378376034788 107.0
16_voices.txt 17_voices.txt 0.06586
133.93705366676656 107.0
17_voices.txt 18_voices.txt 0.06352
124.51525643853503 107.0
18_voices.txt 19_voices.txt 0.06533
134.72216834268778 107.0
19_voices.txt 20_voices.txt 0.06367
145.33646855196133 107.0
20_voices.txt 21_voices.txt 0.06591
135.35519457219488 107.0
21_voices.txt 22_voices.txt 0.06564
146.8933344484541 107.0
22_voices.txt 23_voices.txt 0.06737
137.6775622713013 107.0
23_voices.txt 24_voices.txt 0.06503
133.81812683136388 107.0
24_voices.txt 25_voices.txt 0.06657
136.79243282074574 107.0
25_voices.txt 26_voices.txt 0.06708
130.9868770915585 107.0
26_voices.txt 27_voices.txt 0.06469
136.29200272874377 107.0
27_voices.txt 28_voices.txt 0.06733
128.1450975046484 107.0
28_voices.txt 29_voices.txt 0.06697
140.91621012827488 107.0
29_voices.txt 30_voices.txt 0.06562
123.34982069824869 107.0
30_voices.txt 31_voices.txt 0.06565
124.71635786149415 107.0
31_voices.txt 32_voices.txt 0.06402
127.53648966050152 107.0
32_voices.txt 33_voices.txt 0.06512
127.57155306876018 107.0
33_voices.txt 34_voices.txt 0.06444
118.60731937864253 107.0
34_voices.txt 35_voices.txt 0.06625
118.17771904031332 107.0
35_voices.txt 36_voices.txt 0.06372
114.53808583040438 107.0
36_voices.txt 37_voices.txt 0.06411
The scores have been documented
107.26279269058203 107.0
107.36714938760548 107.0
0_voices.txt 1_voices.txt 0.06668
107.32396902723596 107.0
1_voices.txt 2_voices.txt 0.06846
107.46573024696892 107.0
2_voices.txt 3_voices.txt 0.06901
107.48869936092845 107.0
3_voices.txt 4_voices.txt 0.06684
107.8124762466656 107.0
4_voices.txt 5_voices.txt 0.07006
107.91465460362738 107.0
5_voices.txt 6_voices.txt 0.07128
107.78972968388254 107.0
6_voices.txt 7_voices.txt 0.07066
108.01592903908687 107.0
7_voices.txt 8_voices.txt 0.07341
108.22069490128725 107.0
8_voices.txt 9_voices.txt 0.07447
108.32407124235402 107.0
9_voices.txt 10_voices.txt 0.07596
108.12068345335554 107.0
10_voices.txt 11_voices.txt 0.07584
108.20140674552748 107.0
11_voices.txt 12_voices.txt 0.07683
108.13876999290179 107.0
12_voices.txt 13_voices.txt 0.07469
108.1586376605642 107.0
13_voices.txt 14_voices.txt 0.07416
108.3014343429275 107.0
14_voices.txt 15_voices.txt 0.07828
107.83118601327055 107.0
15_voices.txt 16_voices.txt 0.07274
108.05762374638891 107.0
16_voices.txt 17_voices.txt 0.07337
107.52691336844319 107.0
17_voices.txt 18_voices.txt 0.0722
107.40392663527662 107.0
18_voices.txt 19_voices.txt 0.06945
107.60658322271905 107.0
19_voices.txt 20_voices.txt 0.06988
107.78960764477836 107.0
20_voices.txt 21_voices.txt 0.07128
107.58724385778837 107.0
21_voices.txt 22_voices.txt 0.07066
107.77057623292099 107.0
22_voices.txt 23_voices.txt 0.06989
107.64797290406241 107.0
23_voices.txt 24_voices.txt 0.0722
107.56657929895735 107.0
24_voices.txt 25_voices.txt 0.07017
107.6275255430227 107.0
25_voices.txt 26_voices.txt 0.07063
107.5455077496966 107.0
26_voices.txt 27_voices.txt 0.06973
107.62733908153152 107.0
27_voices.txt 28_voices.txt 0.06765
107.4849260933694 107.0
28_voices.txt 29_voices.txt 0.07037
107.66886911692973 107.0
29_voices.txt 30_voices.txt 0.06925
107.36388580661676 107.0
30_voices.txt 31_voices.txt 0.06927
107.40420060661285 107.0
31_voices.txt 32_voices.txt 0.06943
107.48463796643462 107.0
32_voices.txt 33_voices.txt 0.06766
107.36554209915604 107.0
33_voices.txt 34_voices.txt 0.06663
107.32215011411897 107.0
34_voices.txt 35_voices.txt 0.06632
107.30209583903027 107.0
35_voices.txt 36_voices.txt 0.06696
107.22121517406899 107.0
36_voices.txt 37_voices.txt 0.06685
The scores have been documented
111.54309909277201 107.0
114.50644536874475 107.0
0_voices.txt 1_voices.txt 0.067
112.75945561288407 107.0
1_voices.txt 2_voices.txt 0.0684
115.31861309516057 107.0
2_voices.txt 3_voices.txt 0.06817
116.6711338375054 107.0
3_voices.txt 4_voices.txt 0.06746
122.50699430458103 107.0
4_voices.txt 5_voices.txt 0.06911
124.72992733418874 107.0
5_voices.txt 6_voices.txt 0.06678
121.17823075364126 107.0
6_voices.txt 7_voices.txt 0.06906
126.51968929025122 107.0
7_voices.txt 8_voices.txt 0.06979
130.8970569259714 107.0
8_voices.txt 9_voices.txt 0.07225
133.57611574278948 107.0
9_voices.txt 10_voices.txt 0.07509
129.51034783724305 107.0
10_voices.txt 11_voices.txt 0.07215
130.82149572776746 107.0
11_voices.txt 12_voices.txt 0.07317
128.98410086574876 107.0
12_voices.txt 13_voices.txt 0.07241
129.28647342038332 107.0
13_voices.txt 14_voices.txt 0.0718
132.13527090847117 107.0
14_voices.txt 15_voices.txt 0.07477
122.18481336071638 107.0
15_voices.txt 16_voices.txt 0.07119
127.63367379426299 107.0
16_voices.txt 17_voices.txt 0.06818
116.58604663938141 107.0
17_voices.txt 18_voices.txt 0.06894
113.92960656880327 107.0
18_voices.txt 19_voices.txt 0.06874
117.60597632095845 107.0
19_voices.txt 20_voices.txt 0.06814
121.11511318372925 107.0
20_voices.txt 21_voices.txt 0.07064
117.5070245343808 107.0
21_voices.txt 22_voices.txt 0.06878
121.12964381174547 107.0
22_voices.txt 23_voices.txt 0.0687
118.57069176132336 107.0
23_voices.txt 24_voices.txt 0.06977
117.04112436294004 107.0
24_voices.txt 25_voices.txt 0.06734
118.16930267513249 107.0
25_voices.txt 26_voices.txt 0.06945
116.41851952306857 107.0
26_voices.txt 27_voices.txt 0.06696
118.10152837810114 107.0
27_voices.txt 28_voices.txt 0.06635
115.3686968547258 107.0
28_voices.txt 29_voices.txt 0.06751
119.17445404462597 107.0
29_voices.txt 30_voices.txt 0.06695
113.34311805131628 107.0
30_voices.txt 31_voices.txt 0.06659
113.99890519795701 107.0
31_voices.txt 32_voices.txt 0.0671
115.28436550076428 107.0
32_voices.txt 33_voices.txt 0.06655
113.89706315692304 107.0
33_voices.txt 34_voices.txt 0.06861
112.2190778404863 107.0
34_voices.txt 35_voices.txt 0.06526
111.92677145645926 107.0
35_voices.txt 36_voices.txt 0.06385
110.51098796188103 107.0
36_voices.txt 37_voices.txt 0.06591
The scores have been documented
111.543099092772 107.0
114.50644536874475 107.0
0_voices.txt 1_voices.txt 0.06524
112.75945561288407 107.0
1_voices.txt 2_voices.txt 0.06585
115.31861309516057 107.0
2_voices.txt 3_voices.txt 0.06531
116.67113383750541 107.0
3_voices.txt 4_voices.txt 0.0666
122.50699430458101 107.0
4_voices.txt 5_voices.txt 0.06463
124.72992733418877 107.0
5_voices.txt 6_voices.txt 0.06775
121.17823075364126 107.0
6_voices.txt 7_voices.txt 0.06735
126.51968929025121 107.0
7_voices.txt 8_voices.txt 0.06751
130.8970569259714 107.0
8_voices.txt 9_voices.txt 0.06946
133.57611574278948 107.0
9_voices.txt 10_voices.txt 0.06944
129.51034783724305 107.0
10_voices.txt 11_voices.txt 0.06818
130.82149572776746 107.0
11_voices.txt 12_voices.txt 0.07055
128.98410086574876 107.0
12_voices.txt 13_voices.txt 0.06964
129.28647342038335 107.0
13_voices.txt 14_voices.txt 0.0677
132.13527090847117 107.0
14_voices.txt 15_voices.txt 0.06887
122.18481336071639 107.0
15_voices.txt 16_voices.txt 0.06909
127.63367379426299 107.0
16_voices.txt 17_voices.txt 0.06734
116.58604663938141 107.0
17_voices.txt 18_voices.txt 0.06722
113.92960656880327 107.0
18_voices.txt 19_voices.txt 0.06605
117.60597632095843 107.0
19_voices.txt 20_voices.txt 0.06652
121.11511318372925 107.0
20_voices.txt 21_voices.txt 0.06646
117.5070245343808 107.0
21_voices.txt 22_voices.txt 0.06622
121.12964381174548 107.0
22_voices.txt 23_voices.txt 0.06897
118.57069176132336 107.0
23_voices.txt 24_voices.txt 0.06673
117.04112436294005 107.0
24_voices.txt 25_voices.txt 0.06568
118.16930267513249 107.0
25_voices.txt 26_voices.txt 0.06589
116.41851952306857 107.0
26_voices.txt 27_voices.txt 0.06637
118.10152837810114 107.0
27_voices.txt 28_voices.txt 0.06568
115.3686968547258 107.0
28_voices.txt 29_voices.txt 0.06576
119.17445404462595 107.0
29_voices.txt 30_voices.txt 0.0654
113.34311805131628 107.0
30_voices.txt 31_voices.txt 0.06597
113.99890519795701 107.0
31_voices.txt 32_voices.txt 0.06473
115.28436550076428 107.0
32_voices.txt 33_voices.txt 0.06565
113.89706315692304 107.0
33_voices.txt 34_voices.txt 0.06625
112.2190778404863 107.0
34_voices.txt 35_voices.txt 0.06413
111.92677145645926 107.0
35_voices.txt 36_voices.txt 0.06469
110.51098796188104 107.0
36_voices.txt 37_voices.txt 0.06536
The scores have been documented
119.00176106433788 107.0
140.0163760353189 107.0
0_voices.txt 1_voices.txt 0.06118
124.15432066470743 107.0
1_voices.txt 2_voices.txt 0.06072
132.75012251516006 107.0
2_voices.txt 3_voices.txt 0.06178
158.56155161722347 107.0
3_voices.txt 4_voices.txt 0.06021
194.8813523320798 107.0
4_voices.txt 5_voices.txt 0.05689
218.0855435673983 107.0
5_voices.txt 6_voices.txt 0.05659
163.08031791436883 107.0
6_voices.txt 7_voices.txt 0.05844
206.27620179483705 107.0
7_voices.txt 8_voices.txt 0.05952
260.38841315766024 107.0
8_voices.txt 9_voices.txt 0.05741
307.9828376735323 107.0
9_voices.txt 10_voices.txt 0.05621
282.9679482961253 107.0
10_voices.txt 11_voices.txt 0.05626
286.76176620883155 107.0
11_voices.txt 12_voices.txt 0.06407
221.19453669080423 107.0
12_voices.txt 13_voices.txt 0.05767
249.0468027745043 107.0
13_voices.txt 14_voices.txt 0.06006
245.89589076378786 107.0
14_voices.txt 15_voices.txt 0.06275
173.58939531610582 107.0
15_voices.txt 16_voices.txt 0.05875
245.42516240608845 107.0
16_voices.txt 17_voices.txt 0.0582
148.35003243185983 107.0
17_voices.txt 18_voices.txt 0.05762
131.13933226679555 107.0
18_voices.txt 19_voices.txt 0.06106
147.57021410992434 107.0
19_voices.txt 20_voices.txt 0.06073
161.8954690038657 107.0
20_voices.txt 21_voices.txt 0.0604
149.1768577987422 107.0
21_voices.txt 22_voices.txt 0.06322
164.71986616161422 107.0
22_voices.txt 23_voices.txt 0.06083
145.96730119512463 107.0
23_voices.txt 24_voices.txt 0.06135
144.0272862787413 107.0
24_voices.txt 25_voices.txt 0.06346
146.98288020081245 107.0
25_voices.txt 26_voices.txt 0.06246
138.41784071438752 107.0
26_voices.txt 27_voices.txt 0.05921
146.77266994313018 107.0
27_voices.txt 28_voices.txt 0.06122
133.57268200740202 107.0
28_voices.txt 29_voices.txt 0.06266
151.79081792742494 107.0
29_voices.txt 30_voices.txt 0.06286
128.18867231197257 107.0
30_voices.txt 31_voices.txt 0.0615
128.7950080319073 107.0
31_voices.txt 32_voices.txt 0.06274
130.97101361009118 107.0
32_voices.txt 33_voices.txt 0.06283
131.7027775073276 107.0
33_voices.txt 34_voices.txt 0.06293
119.16780746710185 107.0
34_voices.txt 35_voices.txt 0.0624
119.15597788670057 107.0
35_voices.txt 36_voices.txt 0.06284
114.69991885465669 107.0
36_voices.txt 37_voices.txt 0.06323
The scores have been documented
118.16959735040669 107.0
134.04251801186928 107.0
0_voices.txt 1_voices.txt 0.06188
121.91307348172946 107.0
1_voices.txt 2_voices.txt 0.06274
129.01256732670433 107.0
2_voices.txt 3_voices.txt 0.06318
139.3990488475111 107.0
3_voices.txt 4_voices.txt 0.06349
157.12621058340073 107.0
4_voices.txt 5_voices.txt 0.06131
167.31531503906768 107.0
5_voices.txt 6_voices.txt 0.06462
145.91256781970102 107.0
6_voices.txt 7_voices.txt 0.06352
171.14182114824007 107.0
7_voices.txt 8_voices.txt 0.06409
187.3857587057056 107.0
8_voices.txt 9_voices.txt 0.06285
203.605849707194 107.0
9_voices.txt 10_voices.txt 0.06221
186.78455357965322 107.0
10_voices.txt 11_voices.txt 0.06406
188.57823329983182 107.0
11_voices.txt 12_voices.txt 0.06804
176.51304072496293 107.0
12_voices.txt 13_voices.txt 0.06436
178.55812997638395 107.0
13_voices.txt 14_voices.txt 0.06544
187.06896168140264 107.0
14_voices.txt 15_voices.txt 0.06676
149.7495385180679 107.0
15_voices.txt 16_voices.txt 0.06351
177.0378376034788 107.0
16_voices.txt 17_voices.txt 0.06226
133.9370536667666 107.0
17_voices.txt 18_voices.txt 0.0616
124.51525643853502 107.0
18_voices.txt 19_voices.txt 0.06447
134.72216834268778 107.0
19_voices.txt 20_voices.txt 0.0635
145.33646855196133 107.0
20_voices.txt 21_voices.txt 0.06377
135.35519457219488 107.0
21_voices.txt 22_voices.txt 0.06508
146.89333444845408 107.0
22_voices.txt 23_voices.txt 0.06444
137.67756227130127 107.0
23_voices.txt 24_voices.txt 0.06296
133.8181268313639 107.0
24_voices.txt 25_voices.txt 0.06232
136.79243282074577 107.0
25_voices.txt 26_voices.txt 0.06293
130.98687709155848 107.0
26_voices.txt 27_voices.txt 0.06289
136.29200272874377 107.0
27_voices.txt 28_voices.txt 0.06139
128.1450975046484 107.0
28_voices.txt 29_voices.txt 0.06306
140.91621012827488 107.0
29_voices.txt 30_voices.txt 0.06233
123.34982069824869 107.0
30_voices.txt 31_voices.txt 0.06277
124.71635786149413 107.0
31_voices.txt 32_voices.txt 0.06382
127.53648966050152 107.0
32_voices.txt 33_voices.txt 0.06475
127.57155306876018 107.0
33_voices.txt 34_voices.txt 0.0611
118.60731937864253 107.0
34_voices.txt 35_voices.txt 0.06261
118.17771904031333 107.0
35_voices.txt 36_voices.txt 0.06236
114.53808583040438 107.0
36_voices.txt 37_voices.txt 0.06466
The scores have been documented
107.26279269058203 107.0
107.36714938760547 107.0
0_voices.txt 1_voices.txt 0.06637
107.32396902723596 107.0
1_voices.txt 2_voices.txt 0.06795
107.46573024696892 107.0
2_voices.txt 3_voices.txt 0.06717
107.48869936092845 107.0
3_voices.txt 4_voices.txt 0.06793
107.8124762466656 107.0
4_voices.txt 5_voices.txt 0.06744
107.9146546036274 107.0
5_voices.txt 6_voices.txt 0.06897
107.78972968388257 107.0
6_voices.txt 7_voices.txt 0.06995
108.01592903908687 107.0
7_voices.txt 8_voices.txt 0.06887
108.22069490128723 107.0
8_voices.txt 9_voices.txt 0.07059
108.32407124235402 107.0
9_voices.txt 10_voices.txt 0.07569
108.12068345335554 107.0
10_voices.txt 11_voices.txt 0.0725
108.20140674552746 107.0
11_voices.txt 12_voices.txt 0.07326
108.13876999290177 107.0
12_voices.txt 13_voices.txt 0.07238
108.15863766056421 107.0
13_voices.txt 14_voices.txt 0.07332
108.30143434292748 107.0
14_voices.txt 15_voices.txt 0.07461
107.83118601327057 107.0
15_voices.txt 16_voices.txt 0.07203
108.05762374638891 107.0
16_voices.txt 17_voices.txt 0.07008
107.52691336844319 107.0
17_voices.txt 18_voices.txt 0.06937
107.4039266352766 107.0
18_voices.txt 19_voices.txt 0.06674
107.60658322271905 107.0
19_voices.txt 20_voices.txt 0.06683
107.78960764477836 107.0
20_voices.txt 21_voices.txt 0.06827
107.58724385778834 107.0
21_voices.txt 22_voices.txt 0.06965
107.770576232921 107.0
22_voices.txt 23_voices.txt 0.07008
107.64797290406241 107.0
23_voices.txt 24_voices.txt 0.06765
107.56657929895735 107.0
24_voices.txt 25_voices.txt 0.06814
107.6275255430227 107.0
25_voices.txt 26_voices.txt 0.06829
107.54550774969661 107.0
26_voices.txt 27_voices.txt 0.06692
107.62733908153153 107.0
27_voices.txt 28_voices.txt 0.06989
107.48492609336938 107.0
28_voices.txt 29_voices.txt 0.06801
107.66886911692974 107.0
29_voices.txt 30_voices.txt 0.06999
107.36388580661676 107.0
30_voices.txt 31_voices.txt 0.06707
107.40420060661286 107.0
31_voices.txt 32_voices.txt 0.06606
107.4846379664346 107.0
32_voices.txt 33_voices.txt 0.06716
107.36554209915604 107.0
33_voices.txt 34_voices.txt 0.06715
107.32215011411898 107.0
34_voices.txt 35_voices.txt 0.06472
107.30209583903027 107.0
35_voices.txt 36_voices.txt 0.06644
107.22121517406899 107.0
36_voices.txt 37_voices.txt 0.06517
The scores have been documented
